<!DOCTYPE html PUBLIC "-//W3C//DTD XHTML 1.1//EN" "https://www.w3.org/TR/xhtml11/DTD/xhtml11.dtd">
<html xmlns="https://www.w3.org/1999/xhtml">
<head>
<meta http-equiv="content-type" content="text/html; charset=UTF-8"/>
<title>TestNG Report</title>
<style type="text/css">table {margin-bottom:10px;border-collapse:collapse;empty-cells:show}th,td {border:1px solid #009;padding:.25em .5em}th {vertical-align:bottom}td {vertical-align:top}table a {font-weight:bold}.stripe td {background-color: #E6EBF9}.num {text-align:right}.passedodd td {background-color: #3F3}.passedeven td {background-color: #0A0}.skippedodd td {background-color: #DDD}.skippedeven td {background-color: #CCC}.failedodd td,.attn {background-color: #F33}.failedeven td,.stripe .attn {background-color: #D00}.stacktrace {white-space:pre;font-family:monospace}.totop {font-size:85%;text-align:center;border-bottom:2px solid #000}.invisible {display:none}</style>
</head>
<body>
<table>
<tr><th>Test</th><th># Passed</th><th># Skipped</th><th># Retried</th><th># Failed</th><th>Time (ms)</th><th>Included Groups</th><th>Excluded Groups</th></tr>
<tr><th colspan="8">Suite</th></tr>
<tr><td><a href="#t0">ItemandInventory</a></td><td class="num">7</td><td class="num">0</td><td class="num">0</td><td class="num attn">3</td><td class="num">38,673</td><td></td><td></td></tr>
<tr class="stripe"><td><a href="#t1">Testsales</a></td><td class="num">11</td><td class="num">0</td><td class="num">0</td><td class="num attn">1</td><td class="num">53,154</td><td></td><td></td></tr>
<tr><td><a href="#t2">BankingandLedger</a></td><td class="num">1</td><td class="num">0</td><td class="num">0</td><td class="num attn">1</td><td class="num">6,505</td><td></td><td></td></tr>
<tr><th>Total</th><th class="num">19</th><th class="num">0</th><th class="num">0</th><th class="num attn">5</th><th class="num">98,332</th><th colspan="2"></th></tr>
</table>
<table id='summary'><thead><tr><th>Class</th><th>Method</th><th>Start</th><th>Time (ms)</th></tr></thead><tbody><tr><th colspan="4">Suite</th></tr></tbody><tbody id="t0"><tr><th colspan="4">ItemandInventory &#8212; failed</th></tr><tr class="failedeven"><td rowspan="2">TestItemandInventory.InventoryTest</td><td><a href="#m0">TestAddInventoryLocation</a></td><td rowspan="1">1620317158716</td><td rowspan="1">4816</td></tr><tr class="failedeven"><td><a href="#m1">TestAddUnitofMeasure</a></td><td rowspan="1">1620317163534</td><td rowspan="1">1630</td></tr><tr class="failedodd"><td rowspan="1">TestItemandInventory.UnitofmeasureTest</td><td><a href="#m2">AddUnitofMeasure</a></td><td rowspan="1">1620317151014</td><td rowspan="1">1891</td></tr><tr><th colspan="4">ItemandInventory &#8212; passed</th></tr><tr class="passedeven"><td rowspan="1">TestItemandInventory.InventoryTest</td><td><a href="#m3">TestLogin</a></td><td rowspan="1">1620317154997</td><td rowspan="1">3716</td></tr><tr class="passedodd"><td rowspan="2">TestItemandInventory.InventorylocationsTest</td><td><a href="#m4">AddInventoryLocation</a></td><td rowspan="1">1620317143505</td><td rowspan="1">3413</td></tr><tr class="passedodd"><td><a href="#m5">Login</a></td><td rowspan="1">1620317141540</td><td rowspan="1">1953</td></tr><tr class="passedeven"><td rowspan="2">TestItemandInventory.ItemsTest</td><td><a href="#m6">AddItem</a></td><td rowspan="1">1620317169171</td><td rowspan="1">8587</td></tr><tr class="passedeven"><td><a href="#m7">login</a></td><td rowspan="1">1620317167113</td><td rowspan="1">2056</td></tr><tr class="passedodd"><td rowspan="2">TestItemandInventory.UnitofmeasureTest</td><td><a href="#m8">Logout</a></td><td rowspan="1">1620317152916</td><td rowspan="1">422</td></tr><tr class="passedodd"><td><a href="#m9">login</a></td><td rowspan="1">1620317149374</td><td rowspan="1">1639</td></tr></tbody>
<tbody id="t1"><tr><th colspan="4">Testsales &#8212; failed</th></tr><tr class="failedeven"><td rowspan="1">Testsales.Testsalesperson</td><td><a href="#m10">AddSalesperson</a></td><td rowspan="1">1620317228150</td><td rowspan="1">2737</td></tr><tr><th colspan="4">Testsales &#8212; passed</th></tr><tr class="passedeven"><td rowspan="3">TestLogin.CredentialsTest</td><td><a href="#m11">TestvalidateLogin</a></td><td rowspan="3">1620317186347</td><td rowspan="3">1251</td></tr><tr class="passedeven"><td><a href="#m12">TestvalidateLogin</a></td></tr><tr class="passedeven"><td><a href="#m13">TestvalidateLogin</a></td></tr><tr class="passedodd"><td rowspan="3">Testsales.TestLogin</td><td><a href="#m14">Launchbrowser</a></td><td rowspan="1">1620317177921</td><td rowspan="1">2364</td></tr><tr class="passedodd"><td><a href="#m15">Login</a></td><td rowspan="1">1620317180286</td><td rowspan="1">1029</td></tr><tr class="passedodd"><td><a href="#m16">Logout</a></td><td rowspan="1">1620317181316</td><td rowspan="1">127</td></tr><tr class="passedeven"><td rowspan="2">Testsales.Testsalesgroup</td><td><a href="#m17">AddSalesgroup</a></td><td rowspan="1">1620317216184</td><td rowspan="1">8780</td></tr><tr class="passedeven"><td><a href="#m18">Login</a></td><td rowspan="1">1620317202160</td><td rowspan="1">12128</td></tr><tr class="passedodd"><td rowspan="1">Testsales.Testsalesperson</td><td><a href="#m19">Login</a></td><td rowspan="1">1620317226632</td><td rowspan="1">1517</td></tr><tr class="passedeven"><td rowspan="2">Testsales.Testsalestype</td><td><a href="#m20">AddSalestype</a></td><td rowspan="1">1620317199068</td><td rowspan="1">1367</td></tr><tr class="passedeven"><td><a href="#m21">Login</a></td><td rowspan="1">1620317192193</td><td rowspan="1">6874</td></tr></tbody>
<tbody id="t2"><tr><th colspan="4">BankingandLedger &#8212; failed</th></tr><tr class="failedeven"><td rowspan="1">BankingandLedger.BankAccountsTest</td><td><a href="#m22">AddBankAccounts</a></td><td rowspan="1">1620317234502</td><td rowspan="1">3015</td></tr><tr><th colspan="4">BankingandLedger &#8212; passed</th></tr><tr class="passedeven"><td rowspan="1">BankingandLedger.BankAccountsTest</td><td><a href="#m23">login</a></td><td rowspan="1">1620317232793</td><td rowspan="1">1708</td></tr></tbody>
</table>
<h2>ItemandInventory</h2><h3 id="m0">TestItemandInventory.InventoryTest#TestAddInventoryLocation</h3><table class="result"><tr><th>Exception</th></tr><tr><td><div class="stacktrace">org.openqa.selenium.StaleElementReferenceException: stale element reference: element is not attached to the page document
  (Session info: chrome=90.0.4430.93)
For documentation on this error, please visit: https://www.seleniumhq.org/exceptions/stale_element_reference.html
Build info: version: &apos;3.141.59&apos;, revision: &apos;e82be7d358&apos;, time: &apos;2018-11-14T08:17:03&apos;
System info: host: &apos;LAPTOP-TPUJHBBQ&apos;, ip: &apos;192.168.0.178&apos;, os.name: &apos;Windows 10&apos;, os.arch: &apos;amd64&apos;, os.version: &apos;10.0&apos;, java.version: &apos;11.0.8&apos;
Driver info: org.openqa.selenium.chrome.ChromeDriver
Capabilities {acceptInsecureCerts: false, browserName: chrome, browserVersion: 90.0.4430.93, chrome: {chromedriverVersion: 90.0.4430.24 (4c6d850f087da..., userDataDir: C:\Users\CVVIVE~1\AppData\L...}, goog:chromeOptions: {debuggerAddress: localhost:51713}, javascriptEnabled: true, networkConnectionEnabled: false, pageLoadStrategy: normal, platform: WINDOWS, platformName: WINDOWS, proxy: Proxy(), setWindowRect: true, strictFileInteractability: false, timeouts: {implicit: 0, pageLoad: 300000, script: 30000}, unhandledPromptBehavior: dismiss and notify, webauthn:extension:largeBlob: true, webauthn:virtualAuthenticators: true}
Session ID: c440cb381d9183021fcda633ad1d0fff
	at org.openqa.selenium.remote.http.W3CHttpResponseCodec.createException(W3CHttpResponseCodec.java:187)
	at org.openqa.selenium.remote.http.W3CHttpResponseCodec.decode(W3CHttpResponseCodec.java:122)
	at org.openqa.selenium.remote.http.W3CHttpResponseCodec.decode(W3CHttpResponseCodec.java:49)
	at org.openqa.selenium.remote.HttpCommandExecutor.execute(HttpCommandExecutor.java:158)
	at org.openqa.selenium.remote.service.DriverCommandExecutor.execute(DriverCommandExecutor.java:83)
	at org.openqa.selenium.remote.RemoteWebDriver.execute(RemoteWebDriver.java:552)
	at org.openqa.selenium.remote.RemoteWebElement.execute(RemoteWebElement.java:285)
	at org.openqa.selenium.remote.RemoteWebElement.click(RemoteWebElement.java:84)
	at TestItemandInventory.InventoryTest.TestAddInventoryLocation(InventoryTest.java:66)
	at java.base/java.util.ArrayList.forEach(ArrayList.java:1541)
... Removed 35 stack frames</div></td></tr></table><p class="totop"><a href="#summary">back to summary</a></p>
<h3 id="m1">TestItemandInventory.InventoryTest#TestAddUnitofMeasure</h3><table class="result"><tr><th>Exception</th></tr><tr><td><div class="stacktrace">org.openqa.selenium.StaleElementReferenceException: stale element reference: element is not attached to the page document
  (Session info: chrome=90.0.4430.93)
For documentation on this error, please visit: https://www.seleniumhq.org/exceptions/stale_element_reference.html
Build info: version: &apos;3.141.59&apos;, revision: &apos;e82be7d358&apos;, time: &apos;2018-11-14T08:17:03&apos;
System info: host: &apos;LAPTOP-TPUJHBBQ&apos;, ip: &apos;192.168.0.178&apos;, os.name: &apos;Windows 10&apos;, os.arch: &apos;amd64&apos;, os.version: &apos;10.0&apos;, java.version: &apos;11.0.8&apos;
Driver info: org.openqa.selenium.chrome.ChromeDriver
Capabilities {acceptInsecureCerts: false, browserName: chrome, browserVersion: 90.0.4430.93, chrome: {chromedriverVersion: 90.0.4430.24 (4c6d850f087da..., userDataDir: C:\Users\CVVIVE~1\AppData\L...}, goog:chromeOptions: {debuggerAddress: localhost:51713}, javascriptEnabled: true, networkConnectionEnabled: false, pageLoadStrategy: normal, platform: WINDOWS, platformName: WINDOWS, proxy: Proxy(), setWindowRect: true, strictFileInteractability: false, timeouts: {implicit: 0, pageLoad: 300000, script: 30000}, unhandledPromptBehavior: dismiss and notify, webauthn:extension:largeBlob: true, webauthn:virtualAuthenticators: true}
Session ID: c440cb381d9183021fcda633ad1d0fff
	at org.openqa.selenium.remote.http.W3CHttpResponseCodec.createException(W3CHttpResponseCodec.java:187)
	at org.openqa.selenium.remote.http.W3CHttpResponseCodec.decode(W3CHttpResponseCodec.java:122)
	at org.openqa.selenium.remote.http.W3CHttpResponseCodec.decode(W3CHttpResponseCodec.java:49)
	at org.openqa.selenium.remote.HttpCommandExecutor.execute(HttpCommandExecutor.java:158)
	at org.openqa.selenium.remote.service.DriverCommandExecutor.execute(DriverCommandExecutor.java:83)
	at org.openqa.selenium.remote.RemoteWebDriver.execute(RemoteWebDriver.java:552)
	at org.openqa.selenium.remote.RemoteWebElement.execute(RemoteWebElement.java:285)
	at org.openqa.selenium.remote.RemoteWebElement.click(RemoteWebElement.java:84)
	at TestItemandInventory.InventoryTest.TestAddUnitofMeasure(InventoryTest.java:128)
	at java.base/java.util.ArrayList.forEach(ArrayList.java:1541)
... Removed 35 stack frames</div></td></tr></table><p class="totop"><a href="#summary">back to summary</a></p>
<h3 id="m2">TestItemandInventory.UnitofmeasureTest#AddUnitofMeasure</h3><table class="result"><tr><th>Exception</th></tr><tr><td><div class="stacktrace">org.openqa.selenium.StaleElementReferenceException: stale element reference: element is not attached to the page document
  (Session info: chrome=90.0.4430.93)
For documentation on this error, please visit: https://www.seleniumhq.org/exceptions/stale_element_reference.html
Build info: version: &apos;3.141.59&apos;, revision: &apos;e82be7d358&apos;, time: &apos;2018-11-14T08:17:03&apos;
System info: host: &apos;LAPTOP-TPUJHBBQ&apos;, ip: &apos;192.168.0.178&apos;, os.name: &apos;Windows 10&apos;, os.arch: &apos;amd64&apos;, os.version: &apos;10.0&apos;, java.version: &apos;11.0.8&apos;
Driver info: org.openqa.selenium.chrome.ChromeDriver
Capabilities {acceptInsecureCerts: false, browserName: chrome, browserVersion: 90.0.4430.93, chrome: {chromedriverVersion: 90.0.4430.24 (4c6d850f087da..., userDataDir: C:\Users\CVVIVE~1\AppData\L...}, goog:chromeOptions: {debuggerAddress: localhost:51696}, javascriptEnabled: true, networkConnectionEnabled: false, pageLoadStrategy: normal, platform: WINDOWS, platformName: WINDOWS, proxy: Proxy(), setWindowRect: true, strictFileInteractability: false, timeouts: {implicit: 0, pageLoad: 300000, script: 30000}, unhandledPromptBehavior: dismiss and notify, webauthn:extension:largeBlob: true, webauthn:virtualAuthenticators: true}
Session ID: 2deedf31334956674e5894cc60e6eb53
	at org.openqa.selenium.remote.http.W3CHttpResponseCodec.createException(W3CHttpResponseCodec.java:187)
	at org.openqa.selenium.remote.http.W3CHttpResponseCodec.decode(W3CHttpResponseCodec.java:122)
	at org.openqa.selenium.remote.http.W3CHttpResponseCodec.decode(W3CHttpResponseCodec.java:49)
	at org.openqa.selenium.remote.HttpCommandExecutor.execute(HttpCommandExecutor.java:158)
	at org.openqa.selenium.remote.service.DriverCommandExecutor.execute(DriverCommandExecutor.java:83)
	at org.openqa.selenium.remote.RemoteWebDriver.execute(RemoteWebDriver.java:552)
	at org.openqa.selenium.remote.RemoteWebElement.execute(RemoteWebElement.java:285)
	at org.openqa.selenium.remote.RemoteWebElement.click(RemoteWebElement.java:84)
	at org.openqa.selenium.support.pagefactory.internal.LocatingElementHandler.invoke(LocatingElementHandler.java:51)
	at com.sun.proxy.$Proxy16.click(Unknown Source)
	at TestItemandInventory.UnitofmeasureTest.AddUnitofMeasure(UnitofmeasureTest.java:77)
	at java.base/java.util.ArrayList.forEach(ArrayList.java:1541)
... Removed 39 stack frames</div></td></tr></table><p class="totop"><a href="#summary">back to summary</a></p>
<h3 id="m3">TestItemandInventory.InventoryTest#TestLogin</h3><table class="result"><tr class="param"><th>Parameter #1</th></tr><tr class="param stripe"><td>http://apps.qaplanet.in/erp/index.php</td></tr></table><p class="totop"><a href="#summary">back to summary</a></p>
<h3 id="m4">TestItemandInventory.InventorylocationsTest#AddInventoryLocation</h3><table class="result"><tr><th class="invisible"/></tr></table><p class="totop"><a href="#summary">back to summary</a></p>
<h3 id="m5">TestItemandInventory.InventorylocationsTest#Login</h3><table class="result"><tr class="param"><th>Parameter #1</th></tr><tr class="param stripe"><td>http://apps.qaplanet.in/erp/index.php</td></tr></table><p class="totop"><a href="#summary">back to summary</a></p>
<h3 id="m6">TestItemandInventory.ItemsTest#AddItem</h3><table class="result"><tr><th class="invisible"/></tr></table><p class="totop"><a href="#summary">back to summary</a></p>
<h3 id="m7">TestItemandInventory.ItemsTest#login</h3><table class="result"><tr class="param"><th>Parameter #1</th></tr><tr class="param stripe"><td>http://apps.qaplanet.in/erp/index.php</td></tr></table><p class="totop"><a href="#summary">back to summary</a></p>
<h3 id="m8">TestItemandInventory.UnitofmeasureTest#Logout</h3><table class="result"><tr><th class="invisible"/></tr></table><p class="totop"><a href="#summary">back to summary</a></p>
<h3 id="m9">TestItemandInventory.UnitofmeasureTest#login</h3><table class="result"><tr class="param"><th>Parameter #1</th></tr><tr class="param stripe"><td>http://apps.qaplanet.in/erp/index.php</td></tr></table><p class="totop"><a href="#summary">back to summary</a></p>
<h2>Testsales</h2><h3 id="m10">Testsales.Testsalesperson#AddSalesperson</h3><table class="result"><tr><th>Exception</th></tr><tr><td><div class="stacktrace">org.openqa.selenium.StaleElementReferenceException: stale element reference: element is not attached to the page document
  (Session info: chrome=90.0.4430.93)
For documentation on this error, please visit: https://www.seleniumhq.org/exceptions/stale_element_reference.html
Build info: version: &apos;3.141.59&apos;, revision: &apos;e82be7d358&apos;, time: &apos;2018-11-14T08:17:03&apos;
System info: host: &apos;LAPTOP-TPUJHBBQ&apos;, ip: &apos;192.168.0.178&apos;, os.name: &apos;Windows 10&apos;, os.arch: &apos;amd64&apos;, os.version: &apos;10.0&apos;, java.version: &apos;11.0.8&apos;
Driver info: org.openqa.selenium.chrome.ChromeDriver
Capabilities {acceptInsecureCerts: false, browserName: chrome, browserVersion: 90.0.4430.93, chrome: {chromedriverVersion: 90.0.4430.24 (4c6d850f087da..., userDataDir: C:\Users\CVVIVE~1\AppData\L...}, goog:chromeOptions: {debuggerAddress: localhost:51897}, javascriptEnabled: true, networkConnectionEnabled: false, pageLoadStrategy: normal, platform: WINDOWS, platformName: WINDOWS, proxy: Proxy(), setWindowRect: true, strictFileInteractability: false, timeouts: {implicit: 0, pageLoad: 300000, script: 30000}, unhandledPromptBehavior: dismiss and notify, webauthn:extension:largeBlob: true, webauthn:virtualAuthenticators: true}
Session ID: 92d09fb15cbf1b1b49c89a773f17f487
	at org.openqa.selenium.remote.http.W3CHttpResponseCodec.createException(W3CHttpResponseCodec.java:187)
	at org.openqa.selenium.remote.http.W3CHttpResponseCodec.decode(W3CHttpResponseCodec.java:122)
	at org.openqa.selenium.remote.http.W3CHttpResponseCodec.decode(W3CHttpResponseCodec.java:49)
	at org.openqa.selenium.remote.HttpCommandExecutor.execute(HttpCommandExecutor.java:158)
	at org.openqa.selenium.remote.service.DriverCommandExecutor.execute(DriverCommandExecutor.java:83)
	at org.openqa.selenium.remote.RemoteWebDriver.execute(RemoteWebDriver.java:552)
	at org.openqa.selenium.remote.RemoteWebElement.execute(RemoteWebElement.java:285)
	at org.openqa.selenium.remote.RemoteWebElement.click(RemoteWebElement.java:84)
	at Testsales.Testsalesperson.AddSalesperson(Testsalesperson.java:55)
	at java.base/java.util.ArrayList.forEach(ArrayList.java:1541)
... Removed 35 stack frames</div></td></tr></table><p class="totop"><a href="#summary">back to summary</a></p>
<h3 id="m11">TestLogin.CredentialsTest#TestvalidateLogin</h3><table class="result"><tr class="param"><th>Parameter #1</th><th>Parameter #2</th></tr><tr class="param stripe"><td>qaplanet</td><td>lab1</td></tr></table><p class="totop"><a href="#summary">back to summary</a></p>
<h3 id="m12">TestLogin.CredentialsTest#TestvalidateLogin</h3><table class="result"><tr class="param"><th>Parameter #1</th><th>Parameter #2</th></tr><tr class="param stripe"><td>qaplanet1</td><td>lab1</td></tr></table><p class="totop"><a href="#summary">back to summary</a></p>
<h3 id="m13">TestLogin.CredentialsTest#TestvalidateLogin</h3><table class="result"><tr class="param"><th>Parameter #1</th><th>Parameter #2</th></tr><tr class="param stripe"><td>qaplanet1</td><td>lab</td></tr></table><p class="totop"><a href="#summary">back to summary</a></p>
<h3 id="m14">Testsales.TestLogin#Launchbrowser</h3><table class="result"><tr class="param"><th>Parameter #1</th><th>Parameter #2</th></tr><tr class="param stripe"><td>Chrome</td><td>http://apps.qaplanet.in/erp/index.php</td></tr></table><p class="totop"><a href="#summary">back to summary</a></p>
<h3 id="m15">Testsales.TestLogin#Login</h3><table class="result"><tr class="param"><th>Parameter #1</th><th>Parameter #2</th></tr><tr class="param stripe"><td>qaplanet1</td><td>lab1</td></tr></table><p class="totop"><a href="#summary">back to summary</a></p>
<h3 id="m16">Testsales.TestLogin#Logout</h3><table class="result"><tr><th class="invisible"/></tr></table><p class="totop"><a href="#summary">back to summary</a></p>
<h3 id="m17">Testsales.Testsalesgroup#AddSalesgroup</h3><table class="result"><tr class="param"><th>Parameter #1</th><th>Parameter #2</th><th>Parameter #3</th></tr><tr class="param stripe"><td>http://apps.qaplanet.in/erp/index.php</td><td>qaplanet1</td><td>lab1</td></tr></table><p class="totop"><a href="#summary">back to summary</a></p>
<h3 id="m18">Testsales.Testsalesgroup#Login</h3><table class="result"><tr class="param"><th>Parameter #1</th><th>Parameter #2</th><th>Parameter #3</th></tr><tr class="param stripe"><td>http://apps.qaplanet.in/erp/index.php</td><td>qaplanet1</td><td>lab1</td></tr></table><p class="totop"><a href="#summary">back to summary</a></p>
<h3 id="m19">Testsales.Testsalesperson#Login</h3><table class="result"><tr class="param"><th>Parameter #1</th><th>Parameter #2</th><th>Parameter #3</th></tr><tr class="param stripe"><td>http://apps.qaplanet.in/erp/index.php</td><td>qaplanet1</td><td>lab1</td></tr></table><p class="totop"><a href="#summary">back to summary</a></p>
<h3 id="m20">Testsales.Testsalestype#AddSalestype</h3><table class="result"><tr><th class="invisible"/></tr></table><p class="totop"><a href="#summary">back to summary</a></p>
<h3 id="m21">Testsales.Testsalestype#Login</h3><table class="result"><tr class="param"><th>Parameter #1</th><th>Parameter #2</th><th>Parameter #3</th></tr><tr class="param stripe"><td>http://apps.qaplanet.in/erp/index.php</td><td>qaplanet1</td><td>lab1</td></tr></table><p class="totop"><a href="#summary">back to summary</a></p>
<h2>BankingandLedger</h2><h3 id="m22">BankingandLedger.BankAccountsTest#AddBankAccounts</h3><table class="result"><tr><th>Exception</th></tr><tr><td><div class="stacktrace">org.openqa.selenium.StaleElementReferenceException: stale element reference: element is not attached to the page document
  (Session info: chrome=90.0.4430.93)
For documentation on this error, please visit: https://www.seleniumhq.org/exceptions/stale_element_reference.html
Build info: version: &apos;3.141.59&apos;, revision: &apos;e82be7d358&apos;, time: &apos;2018-11-14T08:17:03&apos;
System info: host: &apos;LAPTOP-TPUJHBBQ&apos;, ip: &apos;192.168.0.178&apos;, os.name: &apos;Windows 10&apos;, os.arch: &apos;amd64&apos;, os.version: &apos;10.0&apos;, java.version: &apos;11.0.8&apos;
Driver info: org.openqa.selenium.chrome.ChromeDriver
Capabilities {acceptInsecureCerts: false, browserName: chrome, browserVersion: 90.0.4430.93, chrome: {chromedriverVersion: 90.0.4430.24 (4c6d850f087da..., userDataDir: C:\Users\CVVIVE~1\AppData\L...}, goog:chromeOptions: {debuggerAddress: localhost:51914}, javascriptEnabled: true, networkConnectionEnabled: false, pageLoadStrategy: normal, platform: WINDOWS, platformName: WINDOWS, proxy: Proxy(), setWindowRect: true, strictFileInteractability: false, timeouts: {implicit: 0, pageLoad: 300000, script: 30000}, unhandledPromptBehavior: dismiss and notify, webauthn:extension:largeBlob: true, webauthn:virtualAuthenticators: true}
Session ID: 132a4876cf48aa326a1b7992db0acf9a
	at org.openqa.selenium.remote.http.W3CHttpResponseCodec.createException(W3CHttpResponseCodec.java:187)
	at org.openqa.selenium.remote.http.W3CHttpResponseCodec.decode(W3CHttpResponseCodec.java:122)
	at org.openqa.selenium.remote.http.W3CHttpResponseCodec.decode(W3CHttpResponseCodec.java:49)
	at org.openqa.selenium.remote.HttpCommandExecutor.execute(HttpCommandExecutor.java:158)
	at org.openqa.selenium.remote.service.DriverCommandExecutor.execute(DriverCommandExecutor.java:83)
	at org.openqa.selenium.remote.RemoteWebDriver.execute(RemoteWebDriver.java:552)
	at org.openqa.selenium.remote.RemoteWebElement.execute(RemoteWebElement.java:285)
	at org.openqa.selenium.remote.RemoteWebElement.click(RemoteWebElement.java:84)
	at BankingandLedger.BankAccountsTest.AddBankAccounts(BankAccountsTest.java:72)
	at java.base/java.util.ArrayList.forEach(ArrayList.java:1541)
... Removed 35 stack frames</div></td></tr></table><p class="totop"><a href="#summary">back to summary</a></p>
<h3 id="m23">BankingandLedger.BankAccountsTest#login</h3><table class="result"><tr><th class="invisible"/></tr></table><p class="totop"><a href="#summary">back to summary</a></p>
</body>
</html>
