-------------------------------------------------------------------------------
Test set: TestSuite
-------------------------------------------------------------------------------
Tests run: 48, Failures: 12, Errors: 0, Skipped: 36, Time elapsed: 1.546 s <<< FAILURE! - in TestSuite
TestItemandInventory.InventorylocationsTest.setup  Time elapsed: 1.055 s  <<< FAILURE!
org.testng.TestNGException: 

Parameter 'Browser' is required by BeforeClass on method setup but has not been marked @Optional or defined
in E:\Localrep\Fastjavaproject560\testng.xml

TestItemandInventory.UnitofmeasureTest.setup  Time elapsed: 0.002 s  <<< FAILURE!
org.testng.TestNGException: 

Parameter 'Browser' is required by BeforeClass on method setup but has not been marked @Optional or defined
in E:\Localrep\Fastjavaproject560\testng.xml

TestItemandInventory.InventoryTest.setup  Time elapsed: 0.003 s  <<< FAILURE!
org.testng.TestNGException: 

Parameter 'Browser' is required by BeforeClass on method setup but has not been marked @Optional or defined
in E:\Localrep\Fastjavaproject560\testng.xml

TestItemandInventory.ItemsTest.Setup  Time elapsed: 0.001 s  <<< FAILURE!
org.testng.TestNGException: 

Parameter 'Browser' is required by BeforeClass on method Setup but has not been marked @Optional or defined
in E:\Localrep\Fastjavaproject560\testng.xml

Testsales.TestLogin.Launchbrowser  Time elapsed: 0.067 s  <<< FAILURE!
org.testng.TestNGException: 

Parameter 'Browser' is required by @Test on method Launchbrowser but has not been marked @Optional or defined
in E:\Localrep\Fastjavaproject560\testng.xml

Testsales.TestLogin.Login[qaplanet1, lab1](1)  Time elapsed: 0.008 s  <<< FAILURE!
java.lang.NullPointerException
	at Testsales.TestLogin.Login(TestLogin.java:40)

Testsales.TestLogin.Logout  Time elapsed: 0 s  <<< FAILURE!
java.lang.NullPointerException
	at Testsales.TestLogin.Logout(TestLogin.java:50)

TestLogin.CredentialsTest.setup  Time elapsed: 0.004 s  <<< FAILURE!
org.testng.TestNGException: 

Parameter 'Browser' is required by BeforeMethod on method setup but has not been marked @Optional or defined
in E:\Localrep\Fastjavaproject560\testng.xml

Testsales.Testsalestype.LaunchBrowser  Time elapsed: 0.002 s  <<< FAILURE!
org.testng.TestNGException: 

Parameter 'Browser' is required by BeforeClass on method LaunchBrowser but has not been marked @Optional or defined
in E:\Localrep\Fastjavaproject560\testng.xml

Testsales.Testsalesgroup.LaunchBrowser  Time elapsed: 0.002 s  <<< FAILURE!
org.testng.TestNGException: 

Parameter 'Browser' is required by BeforeMethod on method LaunchBrowser but has not been marked @Optional or defined
in E:\Localrep\Fastjavaproject560\testng.xml

Testsales.Testsalesperson.Setup  Time elapsed: 0.001 s  <<< FAILURE!
org.testng.TestNGException: 

Parameter 'Browser' is required by BeforeClass on method Setup but has not been marked @Optional or defined
in E:\Localrep\Fastjavaproject560\testng.xml

BankingandLedger.BankAccountsTest.Setup  Time elapsed: 0.043 s  <<< FAILURE!
org.testng.TestNGException: 

Parameter 'Browser' is required by BeforeClass on method Setup but has not been marked @Optional or defined
in E:\Localrep\Fastjavaproject560\testng.xml

