<?xml version="1.0" encoding="UTF-8"?>
<testsuite xmlns:xsi="http://www.w3.org/2001/XMLSchema-instance" xsi:noNamespaceSchemaLocation="https://maven.apache.org/surefire/maven-surefire-plugin/xsd/surefire-test-report-3.0.xsd" version="3.0" name="TestSuite" time="1.546" tests="48" errors="0" skipped="36" failures="12">
  <properties>
    <property name="sun.desktop" value="windows"/>
    <property name="awt.toolkit" value="sun.awt.windows.WToolkit"/>
    <property name="java.specification.version" value="11"/>
    <property name="sun.cpu.isalist" value="amd64"/>
    <property name="sun.jnu.encoding" value="Cp1252"/>
    <property name="java.class.path" value="E:\Localrep\Fastjavaproject560\target\test-classes;E:\Localrep\Fastjavaproject560\target\classes;C:\Users\C V VIVEK\.m2\repository\junit\junit\4.11\junit-4.11.jar;C:\Users\C V VIVEK\.m2\repository\org\hamcrest\hamcrest-core\1.3\hamcrest-core-1.3.jar;C:\Users\C V VIVEK\.m2\repository\org\seleniumhq\selenium\selenium-java\3.141.59\selenium-java-3.141.59.jar;C:\Users\C V VIVEK\.m2\repository\org\seleniumhq\selenium\selenium-api\3.141.59\selenium-api-3.141.59.jar;C:\Users\C V VIVEK\.m2\repository\org\seleniumhq\selenium\selenium-chrome-driver\3.141.59\selenium-chrome-driver-3.141.59.jar;C:\Users\C V VIVEK\.m2\repository\org\seleniumhq\selenium\selenium-edge-driver\3.141.59\selenium-edge-driver-3.141.59.jar;C:\Users\C V VIVEK\.m2\repository\org\seleniumhq\selenium\selenium-firefox-driver\3.141.59\selenium-firefox-driver-3.141.59.jar;C:\Users\C V VIVEK\.m2\repository\org\seleniumhq\selenium\selenium-ie-driver\3.141.59\selenium-ie-driver-3.141.59.jar;C:\Users\C V VIVEK\.m2\repository\org\seleniumhq\selenium\selenium-opera-driver\3.141.59\selenium-opera-driver-3.141.59.jar;C:\Users\C V VIVEK\.m2\repository\org\seleniumhq\selenium\selenium-remote-driver\3.141.59\selenium-remote-driver-3.141.59.jar;C:\Users\C V VIVEK\.m2\repository\org\seleniumhq\selenium\selenium-safari-driver\3.141.59\selenium-safari-driver-3.141.59.jar;C:\Users\C V VIVEK\.m2\repository\org\seleniumhq\selenium\selenium-support\3.141.59\selenium-support-3.141.59.jar;C:\Users\C V VIVEK\.m2\repository\net\bytebuddy\byte-buddy\1.8.15\byte-buddy-1.8.15.jar;C:\Users\C V VIVEK\.m2\repository\org\apache\commons\commons-exec\1.3\commons-exec-1.3.jar;C:\Users\C V VIVEK\.m2\repository\com\google\guava\guava\25.0-jre\guava-25.0-jre.jar;C:\Users\C V VIVEK\.m2\repository\com\google\code\findbugs\jsr305\1.3.9\jsr305-1.3.9.jar;C:\Users\C V VIVEK\.m2\repository\org\checkerframework\checker-compat-qual\2.0.0\checker-compat-qual-2.0.0.jar;C:\Users\C V VIVEK\.m2\repository\com\google\errorprone\error_prone_annotations\2.1.3\error_prone_annotations-2.1.3.jar;C:\Users\C V VIVEK\.m2\repository\com\google\j2objc\j2objc-annotations\1.1\j2objc-annotations-1.1.jar;C:\Users\C V VIVEK\.m2\repository\org\codehaus\mojo\animal-sniffer-annotations\1.14\animal-sniffer-annotations-1.14.jar;C:\Users\C V VIVEK\.m2\repository\com\squareup\okhttp3\okhttp\3.11.0\okhttp-3.11.0.jar;C:\Users\C V VIVEK\.m2\repository\com\squareup\okio\okio\1.14.0\okio-1.14.0.jar;C:\Users\C V VIVEK\.m2\repository\io\github\bonigarcia\webdrivermanager\4.3.1\webdrivermanager-4.3.1.jar;C:\Users\C V VIVEK\.m2\repository\org\slf4j\slf4j-api\1.7.30\slf4j-api-1.7.30.jar;C:\Users\C V VIVEK\.m2\repository\commons-io\commons-io\2.8.0\commons-io-2.8.0.jar;C:\Users\C V VIVEK\.m2\repository\com\google\code\gson\gson\2.8.6\gson-2.8.6.jar;C:\Users\C V VIVEK\.m2\repository\org\apache\commons\commons-lang3\3.11\commons-lang3-3.11.jar;C:\Users\C V VIVEK\.m2\repository\org\apache\httpcomponents\client5\httpclient5\5.0.3\httpclient5-5.0.3.jar;C:\Users\C V VIVEK\.m2\repository\org\apache\httpcomponents\core5\httpcore5\5.0.2\httpcore5-5.0.2.jar;C:\Users\C V VIVEK\.m2\repository\org\apache\httpcomponents\core5\httpcore5-h2\5.0.2\httpcore5-h2-5.0.2.jar;C:\Users\C V VIVEK\.m2\repository\commons-codec\commons-codec\1.13\commons-codec-1.13.jar;C:\Users\C V VIVEK\.m2\repository\org\rauschig\jarchivelib\1.1.0\jarchivelib-1.1.0.jar;C:\Users\C V VIVEK\.m2\repository\org\apache\commons\commons-compress\1.20\commons-compress-1.20.jar;C:\Users\C V VIVEK\.m2\repository\org\jsoup\jsoup\1.13.1\jsoup-1.13.1.jar;C:\Users\C V VIVEK\.m2\repository\org\apache\logging\log4j\log4j-api\2.13.0\log4j-api-2.13.0.jar;C:\Users\C V VIVEK\.m2\repository\org\apache\logging\log4j\log4j-core\2.13.0\log4j-core-2.13.0.jar;C:\Users\C V VIVEK\.m2\repository\org\testng\testng\7.4.0\testng-7.4.0.jar;C:\Users\C V VIVEK\.m2\repository\com\beust\jcommander\1.78\jcommander-1.78.jar;C:\Users\C V VIVEK\.m2\repository\org\webjars\jquery\3.5.1\jquery-3.5.1.jar;"/>
    <property name="java.vm.vendor" value="Oracle Corporation"/>
    <property name="sun.arch.data.model" value="64"/>
    <property name="user.variant" value=""/>
    <property name="java.vendor.url" value="https://openjdk.java.net/"/>
    <property name="user.timezone" value="Asia/Calcutta"/>
    <property name="java.vm.specification.version" value="11"/>
    <property name="os.name" value="Windows 10"/>
    <property name="sun.java.launcher" value="SUN_STANDARD"/>
    <property name="user.country" value="IN"/>
    <property name="sun.boot.library.path" value="C:\Program Files\Java\jdk-11.0.8\bin"/>
    <property name="sun.java.command" value="C:\Users\C V VIVEK\AppData\Local\Temp\surefire16674181498680762389\surefirebooter5476165575151588264.jar C:\Users\C V VIVEK\AppData\Local\Temp\surefire16674181498680762389 2021-05-11T18-55-21_183-jvmRun1 surefire5811602196075909413tmp surefire_05141726847307025662tmp"/>
    <property name="jdk.debug" value="release"/>
    <property name="surefire.test.class.path" value="E:\Localrep\Fastjavaproject560\target\test-classes;E:\Localrep\Fastjavaproject560\target\classes;C:\Users\C V VIVEK\.m2\repository\junit\junit\4.11\junit-4.11.jar;C:\Users\C V VIVEK\.m2\repository\org\hamcrest\hamcrest-core\1.3\hamcrest-core-1.3.jar;C:\Users\C V VIVEK\.m2\repository\org\seleniumhq\selenium\selenium-java\3.141.59\selenium-java-3.141.59.jar;C:\Users\C V VIVEK\.m2\repository\org\seleniumhq\selenium\selenium-api\3.141.59\selenium-api-3.141.59.jar;C:\Users\C V VIVEK\.m2\repository\org\seleniumhq\selenium\selenium-chrome-driver\3.141.59\selenium-chrome-driver-3.141.59.jar;C:\Users\C V VIVEK\.m2\repository\org\seleniumhq\selenium\selenium-edge-driver\3.141.59\selenium-edge-driver-3.141.59.jar;C:\Users\C V VIVEK\.m2\repository\org\seleniumhq\selenium\selenium-firefox-driver\3.141.59\selenium-firefox-driver-3.141.59.jar;C:\Users\C V VIVEK\.m2\repository\org\seleniumhq\selenium\selenium-ie-driver\3.141.59\selenium-ie-driver-3.141.59.jar;C:\Users\C V VIVEK\.m2\repository\org\seleniumhq\selenium\selenium-opera-driver\3.141.59\selenium-opera-driver-3.141.59.jar;C:\Users\C V VIVEK\.m2\repository\org\seleniumhq\selenium\selenium-remote-driver\3.141.59\selenium-remote-driver-3.141.59.jar;C:\Users\C V VIVEK\.m2\repository\org\seleniumhq\selenium\selenium-safari-driver\3.141.59\selenium-safari-driver-3.141.59.jar;C:\Users\C V VIVEK\.m2\repository\org\seleniumhq\selenium\selenium-support\3.141.59\selenium-support-3.141.59.jar;C:\Users\C V VIVEK\.m2\repository\net\bytebuddy\byte-buddy\1.8.15\byte-buddy-1.8.15.jar;C:\Users\C V VIVEK\.m2\repository\org\apache\commons\commons-exec\1.3\commons-exec-1.3.jar;C:\Users\C V VIVEK\.m2\repository\com\google\guava\guava\25.0-jre\guava-25.0-jre.jar;C:\Users\C V VIVEK\.m2\repository\com\google\code\findbugs\jsr305\1.3.9\jsr305-1.3.9.jar;C:\Users\C V VIVEK\.m2\repository\org\checkerframework\checker-compat-qual\2.0.0\checker-compat-qual-2.0.0.jar;C:\Users\C V VIVEK\.m2\repository\com\google\errorprone\error_prone_annotations\2.1.3\error_prone_annotations-2.1.3.jar;C:\Users\C V VIVEK\.m2\repository\com\google\j2objc\j2objc-annotations\1.1\j2objc-annotations-1.1.jar;C:\Users\C V VIVEK\.m2\repository\org\codehaus\mojo\animal-sniffer-annotations\1.14\animal-sniffer-annotations-1.14.jar;C:\Users\C V VIVEK\.m2\repository\com\squareup\okhttp3\okhttp\3.11.0\okhttp-3.11.0.jar;C:\Users\C V VIVEK\.m2\repository\com\squareup\okio\okio\1.14.0\okio-1.14.0.jar;C:\Users\C V VIVEK\.m2\repository\io\github\bonigarcia\webdrivermanager\4.3.1\webdrivermanager-4.3.1.jar;C:\Users\C V VIVEK\.m2\repository\org\slf4j\slf4j-api\1.7.30\slf4j-api-1.7.30.jar;C:\Users\C V VIVEK\.m2\repository\commons-io\commons-io\2.8.0\commons-io-2.8.0.jar;C:\Users\C V VIVEK\.m2\repository\com\google\code\gson\gson\2.8.6\gson-2.8.6.jar;C:\Users\C V VIVEK\.m2\repository\org\apache\commons\commons-lang3\3.11\commons-lang3-3.11.jar;C:\Users\C V VIVEK\.m2\repository\org\apache\httpcomponents\client5\httpclient5\5.0.3\httpclient5-5.0.3.jar;C:\Users\C V VIVEK\.m2\repository\org\apache\httpcomponents\core5\httpcore5\5.0.2\httpcore5-5.0.2.jar;C:\Users\C V VIVEK\.m2\repository\org\apache\httpcomponents\core5\httpcore5-h2\5.0.2\httpcore5-h2-5.0.2.jar;C:\Users\C V VIVEK\.m2\repository\commons-codec\commons-codec\1.13\commons-codec-1.13.jar;C:\Users\C V VIVEK\.m2\repository\org\rauschig\jarchivelib\1.1.0\jarchivelib-1.1.0.jar;C:\Users\C V VIVEK\.m2\repository\org\apache\commons\commons-compress\1.20\commons-compress-1.20.jar;C:\Users\C V VIVEK\.m2\repository\org\jsoup\jsoup\1.13.1\jsoup-1.13.1.jar;C:\Users\C V VIVEK\.m2\repository\org\apache\logging\log4j\log4j-api\2.13.0\log4j-api-2.13.0.jar;C:\Users\C V VIVEK\.m2\repository\org\apache\logging\log4j\log4j-core\2.13.0\log4j-core-2.13.0.jar;C:\Users\C V VIVEK\.m2\repository\org\testng\testng\7.4.0\testng-7.4.0.jar;C:\Users\C V VIVEK\.m2\repository\com\beust\jcommander\1.78\jcommander-1.78.jar;C:\Users\C V VIVEK\.m2\repository\org\webjars\jquery\3.5.1\jquery-3.5.1.jar;"/>
    <property name="sun.cpu.endian" value="little"/>
    <property name="user.home" value="C:\Users\C V VIVEK"/>
    <property name="user.language" value="en"/>
    <property name="java.specification.vendor" value="Oracle Corporation"/>
    <property name="java.version.date" value="2020-07-14"/>
    <property name="java.home" value="C:\Program Files\Java\jdk-11.0.8"/>
    <property name="file.separator" value="\"/>
    <property name="basedir" value="E:\Localrep\Fastjavaproject560"/>
    <property name="java.vm.compressedOopsMode" value="Zero based"/>
    <property name="line.separator" value="&#10;"/>
    <property name="java.specification.name" value="Java Platform API Specification"/>
    <property name="java.vm.specification.vendor" value="Oracle Corporation"/>
    <property name="java.awt.graphicsenv" value="sun.awt.Win32GraphicsEnvironment"/>
    <property name="surefire.real.class.path" value="C:\Users\C V VIVEK\AppData\Local\Temp\surefire16674181498680762389\surefirebooter5476165575151588264.jar"/>
    <property name="user.script" value=""/>
    <property name="sun.management.compiler" value="HotSpot 64-Bit Tiered Compilers"/>
    <property name="java.runtime.version" value="11.0.8+10-LTS"/>
    <property name="user.name" value="C V VIVEK"/>
    <property name="path.separator" value=";"/>
    <property name="os.version" value="10.0"/>
    <property name="java.runtime.name" value="Java(TM) SE Runtime Environment"/>
    <property name="file.encoding" value="Cp1252"/>
    <property name="browser" value=""/>
    <property name="java.vm.name" value="Java HotSpot(TM) 64-Bit Server VM"/>
    <property name="java.vendor.version" value="18.9"/>
    <property name="localRepository" value="C:\Users\C V VIVEK\.m2\repository"/>
    <property name="java.vendor.url.bug" value="https://bugreport.java.com/bugreport/"/>
    <property name="java.io.tmpdir" value="C:\Users\CVVIVE~1\AppData\Local\Temp\"/>
    <property name="java.version" value="11.0.8"/>
    <property name="user.dir" value="E:\Localrep\Fastjavaproject560"/>
    <property name="os.arch" value="amd64"/>
    <property name="java.vm.specification.name" value="Java Virtual Machine Specification"/>
    <property name="java.awt.printerjob" value="sun.awt.windows.WPrinterJob"/>
    <property name="sun.os.patch.level" value=""/>
    <property name="java.library.path" value="C:\Program Files\Java\jdk-11.0.8\bin;C:\WINDOWS\Sun\Java\bin;C:\WINDOWS\system32;C:\WINDOWS;C:\MAVEN\apache-maven-3.6.3/bin;C:\Program Files\Java\jdk-11.0.8/bin;C:\Program Files\Java\jdk-11.0.8/bin;C:\Program Files\Common Files\Oracle\Java\javapath;C:\Program Files (x86)\TRICENTIS\Tosca Testsuite\ToscaCommander;;C:\Program Files (x86)\TRICENTIS\Tosca Testsuite\Classic;C:\Program Files (x86)\TRICENTIS\Tosca Testsuite\Classic\dll;C:\Program Files (x86)\TRICENTIS\Tosca Testsuite\Classic\dll\GuptaEngine;C:\Program Files (x86)\TRICENTIS\Tosca Testsuite\ToscaCommander;C:\Program Files (x86)\TRICENTIS\Tosca Testsuite\Classic\dll\DelphiEngine;C:\Program Files (x86)\TRICENTIS\Tosca Testsuite\Classic\dll\PBEngine;C:\Program Files (x86)\TRICENTIS\Tosca Testsuite\Classic\dll\VBEngine;C:\Program Files (x86)\TRICENTIS\Tosca Testsuite\Classic\dll\DotNetHooking;;&quot;C:\Program Files (x86)\Common Files\Oracle\Java\javapath;C:\Program Files\Java\jdk1.8.0_241\bin;&quot;;C:\Windows\system32;C:\Windows;C:\Windows\System32\Wbem;C:\Windows\System32\WindowsPowerShell\v1.0\;C:\Windows\System32\OpenSSH\;C:\Program Files (x86)\NVIDIA Corporation\PhysX\Common;C:\Program Files\NVIDIA Corporation\NVIDIA NvDLISR;C:\Program Files\Java\jdk-11.0.8\bin;C:\Program Files\nodejs\;C:\Program Files\Java\jdk-11.0.8\bin;C:\MAVEN\apache-maven-3.6.3\bin;C:\Program Files\Git\cmd;C:\WINDOWS\system32;C:\WINDOWS;C:\WINDOWS\System32\Wbem;C:\WINDOWS\System32\WindowsPowerShell\v1.0\;C:\WINDOWS\System32\OpenSSH\;C:\Users\C V VIVEK\AppData\Local\Programs\Python\Python38\Scripts\;C:\Users\C V VIVEK\AppData\Local\Programs\Python\Python38\;C:\Users\C V VIVEK\AppData\Local\Microsoft\WindowsApps;C:\Users\C V VIVEK\AppData\Roaming\npm;;."/>
    <property name="java.vendor" value="Oracle Corporation"/>
    <property name="java.vm.info" value="mixed mode"/>
    <property name="java.vm.version" value="11.0.8+10-LTS"/>
    <property name="sun.io.unicode.encoding" value="UnicodeLittle"/>
    <property name="java.class.version" value="55.0"/>
  </properties>
  <testcase name="setup" classname="TestItemandInventory.InventorylocationsTest" time="1.055">
    <failure message="&#10;Parameter &apos;Browser&apos; is required by BeforeClass on method setup but has not been marked @Optional or defined&#10;in E:\Localrep\Fastjavaproject560\testng.xml" type="org.testng.TestNGException"><![CDATA[org.testng.TestNGException: 

Parameter 'Browser' is required by BeforeClass on method setup but has not been marked @Optional or defined
in E:\Localrep\Fastjavaproject560\testng.xml
]]></failure>
  </testcase>
  <testcase name="Login[http://apps.qaplanet.in/erp/index.php](1)" classname="TestItemandInventory.InventorylocationsTest" time="0">
    <skipped message="&#10;Parameter &apos;Browser&apos; is required by BeforeClass on method setup but has not been marked @Optional or defined&#10;in E:\Localrep\Fastjavaproject560\testng.xml"/>
    <system-out><![CDATA[The test method execution is started=Login
]]></system-out>
  </testcase>
  <testcase name="AddInventoryLocation" classname="TestItemandInventory.InventorylocationsTest" time="0">
    <skipped message="&#10;Parameter &apos;Browser&apos; is required by BeforeClass on method setup but has not been marked @Optional or defined&#10;in E:\Localrep\Fastjavaproject560\testng.xml"/>
    <system-out><![CDATA[The test execution is skipped=Login
The test method execution is started=AddInventoryLocation
]]></system-out>
  </testcase>
  <testcase name="teardown" classname="TestItemandInventory.InventorylocationsTest" time="0">
    <skipped/>
    <system-out><![CDATA[The test execution is skipped=AddInventoryLocation
]]></system-out>
  </testcase>
  <testcase name="setup" classname="TestItemandInventory.UnitofmeasureTest" time="0.002">
    <failure message="&#10;Parameter &apos;Browser&apos; is required by BeforeClass on method setup but has not been marked @Optional or defined&#10;in E:\Localrep\Fastjavaproject560\testng.xml" type="org.testng.TestNGException"><![CDATA[org.testng.TestNGException: 

Parameter 'Browser' is required by BeforeClass on method setup but has not been marked @Optional or defined
in E:\Localrep\Fastjavaproject560\testng.xml
]]></failure>
  </testcase>
  <testcase name="login[http://apps.qaplanet.in/erp/index.php](1)" classname="TestItemandInventory.UnitofmeasureTest" time="0">
    <skipped message="&#10;Parameter &apos;Browser&apos; is required by BeforeClass on method setup but has not been marked @Optional or defined&#10;in E:\Localrep\Fastjavaproject560\testng.xml"/>
    <system-out><![CDATA[The test method execution is started=login
]]></system-out>
  </testcase>
  <testcase name="AddUnitofMeasure" classname="TestItemandInventory.UnitofmeasureTest" time="0">
    <skipped message="&#10;Parameter &apos;Browser&apos; is required by BeforeClass on method setup but has not been marked @Optional or defined&#10;in E:\Localrep\Fastjavaproject560\testng.xml"/>
    <system-out><![CDATA[The test execution is skipped=login
The test method execution is started=AddUnitofMeasure
]]></system-out>
  </testcase>
  <testcase name="Logout" classname="TestItemandInventory.UnitofmeasureTest" time="0">
    <skipped message="&#10;Parameter &apos;Browser&apos; is required by BeforeClass on method setup but has not been marked @Optional or defined&#10;in E:\Localrep\Fastjavaproject560\testng.xml"/>
    <system-out><![CDATA[The test execution is skipped=AddUnitofMeasure
The test method execution is started=Logout
]]></system-out>
  </testcase>
  <testcase name="teardown" classname="TestItemandInventory.UnitofmeasureTest" time="0">
    <skipped/>
    <system-out><![CDATA[The test execution is skipped=Logout
]]></system-out>
  </testcase>
  <testcase name="setup" classname="TestItemandInventory.InventoryTest" time="0.003">
    <failure message="&#10;Parameter &apos;Browser&apos; is required by BeforeClass on method setup but has not been marked @Optional or defined&#10;in E:\Localrep\Fastjavaproject560\testng.xml" type="org.testng.TestNGException"><![CDATA[org.testng.TestNGException: 

Parameter 'Browser' is required by BeforeClass on method setup but has not been marked @Optional or defined
in E:\Localrep\Fastjavaproject560\testng.xml
]]></failure>
  </testcase>
  <testcase name="TestLogin[http://apps.qaplanet.in/erp/index.php](1)" classname="TestItemandInventory.InventoryTest" time="0">
    <skipped message="&#10;Parameter &apos;Browser&apos; is required by BeforeClass on method setup but has not been marked @Optional or defined&#10;in E:\Localrep\Fastjavaproject560\testng.xml"/>
    <system-out><![CDATA[The test method execution is started=TestLogin
]]></system-out>
  </testcase>
  <testcase name="TestAddInventoryLocation" classname="TestItemandInventory.InventoryTest" time="0">
    <skipped message="&#10;Parameter &apos;Browser&apos; is required by BeforeClass on method setup but has not been marked @Optional or defined&#10;in E:\Localrep\Fastjavaproject560\testng.xml"/>
    <system-out><![CDATA[The test execution is skipped=TestLogin
The test method execution is started=TestAddInventoryLocation
]]></system-out>
  </testcase>
  <testcase name="TestAddUnitofMeasure" classname="TestItemandInventory.InventoryTest" time="0">
    <skipped message="&#10;Parameter &apos;Browser&apos; is required by BeforeClass on method setup but has not been marked @Optional or defined&#10;in E:\Localrep\Fastjavaproject560\testng.xml"/>
    <system-out><![CDATA[The test execution is skipped=TestAddInventoryLocation
The test method execution is started=TestAddUnitofMeasure
]]></system-out>
  </testcase>
  <testcase name="teardown" classname="TestItemandInventory.InventoryTest" time="0">
    <skipped/>
    <system-out><![CDATA[The test execution is skipped=TestAddUnitofMeasure
]]></system-out>
  </testcase>
  <testcase name="Setup" classname="TestItemandInventory.ItemsTest" time="0.001">
    <failure message="&#10;Parameter &apos;Browser&apos; is required by BeforeClass on method Setup but has not been marked @Optional or defined&#10;in E:\Localrep\Fastjavaproject560\testng.xml" type="org.testng.TestNGException"><![CDATA[org.testng.TestNGException: 

Parameter 'Browser' is required by BeforeClass on method Setup but has not been marked @Optional or defined
in E:\Localrep\Fastjavaproject560\testng.xml
]]></failure>
  </testcase>
  <testcase name="login[http://apps.qaplanet.in/erp/index.php](1)" classname="TestItemandInventory.ItemsTest" time="0">
    <skipped message="&#10;Parameter &apos;Browser&apos; is required by BeforeClass on method Setup but has not been marked @Optional or defined&#10;in E:\Localrep\Fastjavaproject560\testng.xml"/>
    <system-out><![CDATA[The test method execution is started=login
]]></system-out>
  </testcase>
  <testcase name="AddItem" classname="TestItemandInventory.ItemsTest" time="0">
    <skipped message="&#10;Parameter &apos;Browser&apos; is required by BeforeClass on method Setup but has not been marked @Optional or defined&#10;in E:\Localrep\Fastjavaproject560\testng.xml"/>
    <system-out><![CDATA[The test execution is skipped=login
The test method execution is started=AddItem
]]></system-out>
  </testcase>
  <testcase name="teardown" classname="TestItemandInventory.ItemsTest" time="0">
    <skipped/>
    <system-out><![CDATA[The test execution is skipped=AddItem
]]></system-out>
  </testcase>
  <testcase name="Launchbrowser" classname="Testsales.TestLogin" time="0.067">
    <failure message="&#10;Parameter &apos;Browser&apos; is required by @Test on method Launchbrowser but has not been marked @Optional or defined&#10;in E:\Localrep\Fastjavaproject560\testng.xml" type="org.testng.TestNGException"><![CDATA[org.testng.TestNGException: 

Parameter 'Browser' is required by @Test on method Launchbrowser but has not been marked @Optional or defined
in E:\Localrep\Fastjavaproject560\testng.xml
]]></failure>
    <system-out><![CDATA[This is onFinish method=[ResultMap map=[]]
This is onFinish method=[ResultMap map=[]]
]]></system-out>
    <system-err><![CDATA[[Utils] [ERROR] [Error] org.testng.TestNGException: 
Parameter &apos;Browser&apos; is required by @Test on method Launchbrowser but has not been marked @Optional or defined
in E:\Localrep\Fastjavaproject560\testng.xml
	at org.testng.internal.Parameters.createParams(Parameters.java:270)
	at org.testng.internal.Parameters.createParametersForMethod(Parameters.java:358)
	at org.testng.internal.Parameters.createParameters(Parameters.java:700)
	at org.testng.internal.Parameters.handleParameters(Parameters.java:884)
	at org.testng.internal.Parameters.handleParameters(Parameters.java:740)
	at org.testng.internal.ParameterHandler.handleParameters(ParameterHandler.java:59)
	at org.testng.internal.ParameterHandler.createParameters(ParameterHandler.java:38)
	at org.testng.internal.TestInvoker$MethodInvocationAgent.invoke(TestInvoker.java:791)
	at org.testng.internal.TestInvoker.invokeTestMethods(TestInvoker.java:146)
	at org.testng.internal.TestMethodWorker.invokeTestMethods(TestMethodWorker.java:146)
	at org.testng.internal.TestMethodWorker.run(TestMethodWorker.java:128)
	at java.base/java.util.ArrayList.forEach(ArrayList.java:1541)
	at org.testng.TestRunner.privateRun(TestRunner.java:794)
	at org.testng.TestRunner.run(TestRunner.java:596)
	at org.testng.SuiteRunner.runTest(SuiteRunner.java:377)
	at org.testng.SuiteRunner.runSequentially(SuiteRunner.java:371)
	at org.testng.SuiteRunner.privateRun(SuiteRunner.java:332)
	at org.testng.SuiteRunner.run(SuiteRunner.java:276)
	at org.testng.SuiteRunnerWorker.runSuite(SuiteRunnerWorker.java:53)
	at org.testng.SuiteRunnerWorker.run(SuiteRunnerWorker.java:96)
	at org.testng.TestNG.runSuitesSequentially(TestNG.java:1212)
	at org.testng.TestNG.runSuitesLocally(TestNG.java:1134)
	at org.testng.TestNG.runSuites(TestNG.java:1063)
	at org.testng.TestNG.run(TestNG.java:1031)
	at org.apache.maven.surefire.testng.TestNGExecutor.run(TestNGExecutor.java:284)
	at org.apache.maven.surefire.testng.TestNGXmlTestSuite.execute(TestNGXmlTestSuite.java:75)
	at org.apache.maven.surefire.testng.TestNGProvider.invoke(TestNGProvider.java:119)
	at org.apache.maven.surefire.booter.ForkedBooter.runSuitesInProcess(ForkedBooter.java:428)
	at org.apache.maven.surefire.booter.ForkedBooter.execute(ForkedBooter.java:162)
	at org.apache.maven.surefire.booter.ForkedBooter.run(ForkedBooter.java:562)
	at org.apache.maven.surefire.booter.ForkedBooter.main(ForkedBooter.java:548)

]]></system-err>
  </testcase>
  <testcase name="Login[qaplanet1, lab1](1)" classname="Testsales.TestLogin" time="0.008">
    <failure type="java.lang.NullPointerException"><![CDATA[java.lang.NullPointerException
	at Testsales.TestLogin.Login(TestLogin.java:40)
]]></failure>
    <system-out><![CDATA[The test method execution is failed=Launchbrowser
The test method execution is started=Login
]]></system-out>
  </testcase>
  <testcase name="Logout" classname="Testsales.TestLogin" time="0">
    <failure type="java.lang.NullPointerException"><![CDATA[java.lang.NullPointerException
	at Testsales.TestLogin.Logout(TestLogin.java:50)
]]></failure>
    <system-out><![CDATA[The test method execution is failed=Login
The test method execution is started=Logout
]]></system-out>
  </testcase>
  <testcase name="setup" classname="TestLogin.CredentialsTest" time="0.004">
    <failure message="&#10;Parameter &apos;Browser&apos; is required by BeforeMethod on method setup but has not been marked @Optional or defined&#10;in E:\Localrep\Fastjavaproject560\testng.xml" type="org.testng.TestNGException"><![CDATA[org.testng.TestNGException: 

Parameter 'Browser' is required by BeforeMethod on method setup but has not been marked @Optional or defined
in E:\Localrep\Fastjavaproject560\testng.xml
]]></failure>
    <system-out><![CDATA[The test method execution is failed=Logout
]]></system-out>
  </testcase>
  <testcase name="setup" classname="TestLogin.CredentialsTest" time="0">
    <skipped/>
  </testcase>
  <testcase name="setup" classname="TestLogin.CredentialsTest" time="0">
    <skipped/>
  </testcase>
  <testcase name="TestvalidateLogin[qaplanet1, lab1](1)" classname="TestLogin.CredentialsTest" time="0">
    <skipped message="&#10;Parameter &apos;Browser&apos; is required by BeforeMethod on method setup but has not been marked @Optional or defined&#10;in E:\Localrep\Fastjavaproject560\testng.xml"/>
    <system-out><![CDATA[The test method execution is started=TestvalidateLogin
]]></system-out>
  </testcase>
  <testcase name="teardown" classname="TestLogin.CredentialsTest" time="0">
    <skipped/>
    <system-out><![CDATA[The test execution is skipped=TestvalidateLogin
]]></system-out>
  </testcase>
  <testcase name="teardown" classname="TestLogin.CredentialsTest" time="0">
    <skipped/>
    <system-out><![CDATA[The test execution is skipped=TestvalidateLogin
]]></system-out>
  </testcase>
  <testcase name="teardown" classname="TestLogin.CredentialsTest" time="0">
    <skipped/>
    <system-out><![CDATA[The test execution is skipped=TestvalidateLogin
]]></system-out>
  </testcase>
  <testcase name="TestvalidateLogin[qaplanet, lab1](2)" classname="TestLogin.CredentialsTest" time="0">
    <skipped message="&#10;Parameter &apos;Browser&apos; is required by BeforeMethod on method setup but has not been marked @Optional or defined&#10;in E:\Localrep\Fastjavaproject560\testng.xml"/>
    <system-out><![CDATA[The test method execution is started=TestvalidateLogin
]]></system-out>
  </testcase>
  <testcase name="TestvalidateLogin[qaplanet1, lab](3)" classname="TestLogin.CredentialsTest" time="0">
    <skipped message="&#10;Parameter &apos;Browser&apos; is required by BeforeMethod on method setup but has not been marked @Optional or defined&#10;in E:\Localrep\Fastjavaproject560\testng.xml"/>
    <system-out><![CDATA[The test method execution is started=TestvalidateLogin
]]></system-out>
  </testcase>
  <testcase name="LaunchBrowser" classname="Testsales.Testsalestype" time="0.002">
    <failure message="&#10;Parameter &apos;Browser&apos; is required by BeforeClass on method LaunchBrowser but has not been marked @Optional or defined&#10;in E:\Localrep\Fastjavaproject560\testng.xml" type="org.testng.TestNGException"><![CDATA[org.testng.TestNGException: 

Parameter 'Browser' is required by BeforeClass on method LaunchBrowser but has not been marked @Optional or defined
in E:\Localrep\Fastjavaproject560\testng.xml
]]></failure>
  </testcase>
  <testcase name="Login[http://apps.qaplanet.in/erp/index.php, qaplanet1, lab1](1)" classname="Testsales.Testsalestype" time="0">
    <skipped message="&#10;Parameter &apos;Browser&apos; is required by BeforeClass on method LaunchBrowser but has not been marked @Optional or defined&#10;in E:\Localrep\Fastjavaproject560\testng.xml"/>
    <system-out><![CDATA[The test method execution is started=Login
]]></system-out>
  </testcase>
  <testcase name="AddSalestype" classname="Testsales.Testsalestype" time="0">
    <skipped message="&#10;Parameter &apos;Browser&apos; is required by BeforeClass on method LaunchBrowser but has not been marked @Optional or defined&#10;in E:\Localrep\Fastjavaproject560\testng.xml"/>
    <system-out><![CDATA[The test execution is skipped=Login
The test method execution is started=AddSalestype
]]></system-out>
  </testcase>
  <testcase name="Closebrowser" classname="Testsales.Testsalestype" time="0">
    <skipped/>
    <system-out><![CDATA[The test execution is skipped=AddSalestype
]]></system-out>
  </testcase>
  <testcase name="LaunchBrowser" classname="Testsales.Testsalesgroup" time="0.002">
    <failure message="&#10;Parameter &apos;Browser&apos; is required by BeforeMethod on method LaunchBrowser but has not been marked @Optional or defined&#10;in E:\Localrep\Fastjavaproject560\testng.xml" type="org.testng.TestNGException"><![CDATA[org.testng.TestNGException: 

Parameter 'Browser' is required by BeforeMethod on method LaunchBrowser but has not been marked @Optional or defined
in E:\Localrep\Fastjavaproject560\testng.xml
]]></failure>
  </testcase>
  <testcase name="LaunchBrowser" classname="Testsales.Testsalesgroup" time="0">
    <skipped/>
  </testcase>
  <testcase name="Login[http://apps.qaplanet.in/erp/index.php, qaplanet1, lab1](1)" classname="Testsales.Testsalesgroup" time="0">
    <skipped message="&#10;Parameter &apos;Browser&apos; is required by BeforeMethod on method LaunchBrowser but has not been marked @Optional or defined&#10;in E:\Localrep\Fastjavaproject560\testng.xml"/>
    <system-out><![CDATA[The test method execution is started=Login
]]></system-out>
  </testcase>
  <testcase name="Closebrowser" classname="Testsales.Testsalesgroup" time="0">
    <skipped/>
    <system-out><![CDATA[The test execution is skipped=Login
]]></system-out>
  </testcase>
  <testcase name="Closebrowser" classname="Testsales.Testsalesgroup" time="0">
    <skipped/>
    <system-out><![CDATA[The test execution is skipped=AddSalesgroup
]]></system-out>
  </testcase>
  <testcase name="AddSalesgroup[http://apps.qaplanet.in/erp/index.php, qaplanet1, lab1](1)" classname="Testsales.Testsalesgroup" time="0">
    <skipped message="&#10;Parameter &apos;Browser&apos; is required by BeforeMethod on method LaunchBrowser but has not been marked @Optional or defined&#10;in E:\Localrep\Fastjavaproject560\testng.xml"/>
    <system-out><![CDATA[The test method execution is started=AddSalesgroup
]]></system-out>
  </testcase>
  <testcase name="Setup" classname="Testsales.Testsalesperson" time="0.001">
    <failure message="&#10;Parameter &apos;Browser&apos; is required by BeforeClass on method Setup but has not been marked @Optional or defined&#10;in E:\Localrep\Fastjavaproject560\testng.xml" type="org.testng.TestNGException"><![CDATA[org.testng.TestNGException: 

Parameter 'Browser' is required by BeforeClass on method Setup but has not been marked @Optional or defined
in E:\Localrep\Fastjavaproject560\testng.xml
]]></failure>
  </testcase>
  <testcase name="Login[http://apps.qaplanet.in/erp/index.php, qaplanet1, lab1](1)" classname="Testsales.Testsalesperson" time="0">
    <skipped message="&#10;Parameter &apos;Browser&apos; is required by BeforeClass on method Setup but has not been marked @Optional or defined&#10;in E:\Localrep\Fastjavaproject560\testng.xml"/>
    <system-out><![CDATA[The test method execution is started=Login
]]></system-out>
  </testcase>
  <testcase name="AddSalesperson" classname="Testsales.Testsalesperson" time="0">
    <skipped message="&#10;Parameter &apos;Browser&apos; is required by BeforeClass on method Setup but has not been marked @Optional or defined&#10;in E:\Localrep\Fastjavaproject560\testng.xml"/>
    <system-out><![CDATA[The test execution is skipped=Login
The test method execution is started=AddSalesperson
]]></system-out>
  </testcase>
  <testcase name="Closebrowser" classname="Testsales.Testsalesperson" time="0">
    <skipped/>
    <system-out><![CDATA[The test execution is skipped=AddSalesperson
]]></system-out>
  </testcase>
  <testcase name="Setup" classname="BankingandLedger.BankAccountsTest" time="0.043">
    <failure message="&#10;Parameter &apos;Browser&apos; is required by BeforeClass on method Setup but has not been marked @Optional or defined&#10;in E:\Localrep\Fastjavaproject560\testng.xml" type="org.testng.TestNGException"><![CDATA[org.testng.TestNGException: 

Parameter 'Browser' is required by BeforeClass on method Setup but has not been marked @Optional or defined
in E:\Localrep\Fastjavaproject560\testng.xml
]]></failure>
    <system-out><![CDATA[This is onFinish method=[ResultMap map=[]]
This is onFinish method=[ResultMap map=[[TestResult name=Login status=FAILURE method=TestLogin.Login(java.lang.String,java.lang.String)[pri:2, instance:Testsales.TestLogin@383bfa16] output={null}], [TestResult name=Logout status=FAILURE method=TestLogin.Logout()[pri:3, instance:Testsales.TestLogin@383bfa16] output={null}], [TestResult name=Launchbrowser status=FAILURE method=TestLogin.Launchbrowser(java.lang.String,java.lang.String)[pri:1, instance:Testsales.TestLogin@383bfa16] output={null}]]]
]]></system-out>
  </testcase>
  <testcase name="login" classname="BankingandLedger.BankAccountsTest" time="0">
    <skipped message="&#10;Parameter &apos;Browser&apos; is required by BeforeClass on method Setup but has not been marked @Optional or defined&#10;in E:\Localrep\Fastjavaproject560\testng.xml"/>
    <system-out><![CDATA[The test method execution is started=login
]]></system-out>
  </testcase>
  <testcase name="AddBankAccounts" classname="BankingandLedger.BankAccountsTest" time="0">
    <skipped message="&#10;Parameter &apos;Browser&apos; is required by BeforeClass on method Setup but has not been marked @Optional or defined&#10;in E:\Localrep\Fastjavaproject560\testng.xml"/>
    <system-out><![CDATA[The test execution is skipped=login
The test method execution is started=AddBankAccounts
]]></system-out>
  </testcase>
  <testcase name="teardown" classname="BankingandLedger.BankAccountsTest" time="0">
    <skipped/>
    <system-out><![CDATA[The test execution is skipped=AddBankAccounts
]]></system-out>
  </testcase>
</testsuite>